<?xml version="1.0" encoding="UTF-8"?>
<testsuite xmlns:xsi="http://www.w3.org/2001/XMLSchema-instance" xsi:noNamespaceSchemaLocation="https://maven.apache.org/surefire/maven-surefire-plugin/xsd/surefire-test-report.xsd" version="3.0.2" name="com.shbvn.jms.controller.TaskControllerTest" time="4.451" tests="5" errors="0" skipped="0" failures="0">
  <properties>
[...]
</properties>
  <testcase name="testGetTasksByProjectId" classname="com.shbvn.jms.controller.TaskControllerTest" time="0.473">
    <system-out><![CDATA[14:00:15.038 [main] INFO org.springframework.test.context.support.AnnotationConfigContextLoaderUtils -- Could not detect default configuration classes for test class [com.shbvn.jms.controller.TaskControllerTest]: TaskControllerTest does not declare any static, non-private, non-final, nested classes annotated with @Configuration.
14:00:15.093 [main] INFO org.springframework.boot.test.context.SpringBootTestContextBootstrapper -- Found @SpringBootConfiguration com.shbvn.jms.ProjectManagementApplication for test class com.shbvn.jms.controller.TaskControllerTest

  .   ____          _            __ _ _
 /\\ / ___'_ __ _ _(_)_ __  __ _ \ \ \ \
( ( )\___ | '_ | '_| | '_ \/ _` | \ \ \ \
 \\/  ___)| |_)| | | | | || (_| |  ) ) ) )
  '  |____| .__|_| |_|_| |_\__, | / / / /
 =========|_|==============|___/=/_/_/_/

 :: Spring Boot ::                (v3.4.2)

2026-02-13T14:00:15.245+07:00  INFO 17616 --- [           main] c.s.jms.controller.TaskControllerTest    : Starting TaskControllerTest using Java 23.0.2 with PID 17616 (started by duonglx in /Volumes/Data/SHBVN/project-management/backend)
2026-02-13T14:00:15.246+07:00  INFO 17616 --- [           main] c.s.jms.controller.TaskControllerTest    : The following 1 profile is active: "test"
2026-02-13T14:00:15.513+07:00  INFO 17616 --- [           main] .s.d.r.c.RepositoryConfigurationDelegate : Bootstrapping Spring Data JPA repositories in DEFAULT mode.
2026-02-13T14:00:15.551+07:00  INFO 17616 --- [           main] .s.d.r.c.RepositoryConfigurationDelegate : Finished Spring Data repository scanning in 35 ms. Found 7 JPA repository interfaces.
2026-02-13T14:00:15.783+07:00  INFO 17616 --- [           main] o.s.b.w.embedded.tomcat.TomcatWebServer  : Tomcat initialized with port 0 (http)
2026-02-13T14:00:15.790+07:00  INFO 17616 --- [           main] o.apache.catalina.core.StandardService   : Starting service [Tomcat]
2026-02-13T14:00:15.790+07:00  INFO 17616 --- [           main] o.apache.catalina.core.StandardEngine    : Starting Servlet engine: [Apache Tomcat/10.1.34]
2026-02-13T14:00:15.815+07:00  INFO 17616 --- [           main] o.a.c.c.C.[Tomcat].[localhost].[/]       : Initializing Spring embedded WebApplicationContext
2026-02-13T14:00:15.816+07:00  INFO 17616 --- [           main] w.s.c.ServletWebServerApplicationContext : Root WebApplicationContext: initialization completed in 563 ms
2026-02-13T14:00:15.901+07:00  INFO 17616 --- [           main] com.zaxxer.hikari.HikariDataSource       : HikariPool-1 - Starting...
2026-02-13T14:00:15.921+07:00  INFO 17616 --- [           main] org.testcontainers.images.PullPolicy     : Image pull policy will be performed by: DefaultPullPolicy()
2026-02-13T14:00:15.922+07:00  INFO 17616 --- [           main] o.t.utility.ImageNameSubstitutor         : Image name substitution will be performed by: DefaultImageNameSubstitutor (composite of 'ConfigurationFileImageNameSubstitutor' and 'PrefixingImageNameSubstitutor')
2026-02-13T14:00:15.926+07:00  INFO 17616 --- [           main] org.testcontainers.DockerClientFactory   : Testcontainers version: 1.20.4
2026-02-13T14:00:15.984+07:00  INFO 17616 --- [           main] o.t.d.DockerClientProviderStrategy       : Loaded org.testcontainers.dockerclient.UnixSocketClientProviderStrategy from ~/.testcontainers.properties, will try it first
2026-02-13T14:00:16.130+07:00  INFO 17616 --- [           main] o.t.d.DockerClientProviderStrategy       : Found Docker environment with local Unix socket (unix:///var/run/docker.sock)
2026-02-13T14:00:16.131+07:00  INFO 17616 --- [           main] org.testcontainers.DockerClientFactory   : Docker host IP address is localhost
2026-02-13T14:00:16.139+07:00  INFO 17616 --- [           main] org.testcontainers.DockerClientFactory   : Connected to docker: 
  Server Version: 28.5.2
  API Version: 1.51
  Operating System: OrbStack
  Total Memory: 16030 MB
2026-02-13T14:00:16.148+07:00  INFO 17616 --- [           main] tc.testcontainers/ryuk:0.11.0            : Creating container for image: testcontainers/ryuk:0.11.0
2026-02-13T14:00:16.175+07:00  INFO 17616 --- [           main] o.t.utility.RegistryAuthLocator          : Credential helper/store (docker-credential-osxkeychain) does not have credentials for https://index.docker.io/v1/
2026-02-13T14:00:16.259+07:00  INFO 17616 --- [           main] tc.testcontainers/ryuk:0.11.0            : Container testcontainers/ryuk:0.11.0 is starting: a7a0c2d5471de0cccbb7330c0024ec8dc1cc6d505a6d01992e1dec83699fa205
2026-02-13T14:00:16.373+07:00  INFO 17616 --- [           main] tc.testcontainers/ryuk:0.11.0            : Container testcontainers/ryuk:0.11.0 started in PT0.22481S
2026-02-13T14:00:16.376+07:00  INFO 17616 --- [           main] o.t.utility.RyukResourceReaper           : Ryuk started - will monitor and terminate Testcontainers containers on JVM exit
2026-02-13T14:00:16.376+07:00  INFO 17616 --- [           main] org.testcontainers.DockerClientFactory   : Checking the system...
2026-02-13T14:00:16.376+07:00  INFO 17616 --- [           main] org.testcontainers.DockerClientFactory   : ✔︎ Docker server version should be at least 1.6.0
2026-02-13T14:00:16.377+07:00  INFO 17616 --- [           main] tc.postgres:16                           : Creating container for image: postgres:16
2026-02-13T14:00:16.411+07:00  INFO 17616 --- [           main] tc.postgres:16                           : Container postgres:16 is starting: f8162b5e5d366e355f462fc8f09a391cf3f6b4a53f7486f0ead090c6b84217a6
2026-02-13T14:00:17.555+07:00  INFO 17616 --- [           main] tc.postgres:16                           : Container postgres:16 started in PT1.17847S
2026-02-13T14:00:17.556+07:00  INFO 17616 --- [           main] tc.postgres:16                           : Container is started (JDBC URL: jdbc:postgresql://localhost:32853/test?loggerLevel=OFF)
2026-02-13T14:00:17.617+07:00  INFO 17616 --- [           main] com.zaxxer.hikari.pool.HikariPool        : HikariPool-1 - Added connection org.testcontainers.jdbc.ConnectionWrapper@2fa47368
2026-02-13T14:00:17.618+07:00  INFO 17616 --- [           main] com.zaxxer.hikari.HikariDataSource       : HikariPool-1 - Start completed.
2026-02-13T14:00:17.628+07:00  INFO 17616 --- [           main] org.flywaydb.core.FlywayExecutor         : Database: jdbc:postgresql://localhost:32853/test?loggerLevel=OFF (PostgreSQL 16.11)
2026-02-13T14:00:17.644+07:00  INFO 17616 --- [           main] o.f.c.i.s.JdbcTableSchemaHistory         : Schema history table "public"."flyway_schema_history" does not exist yet
2026-02-13T14:00:17.645+07:00  INFO 17616 --- [           main] o.f.core.internal.command.DbValidate     : Successfully validated 2 migrations (execution time 00:00.009s)
2026-02-13T14:00:17.650+07:00  INFO 17616 --- [           main] o.f.c.i.s.JdbcTableSchemaHistory         : Creating Schema History table "public"."flyway_schema_history" ...
2026-02-13T14:00:17.681+07:00  INFO 17616 --- [           main] o.f.core.internal.command.DbMigrate      : Current version of schema "public": << Empty Schema >>
2026-02-13T14:00:17.689+07:00  INFO 17616 --- [           main] o.f.core.internal.command.DbMigrate      : Migrating schema "public" to version "1 - initial schema"
2026-02-13T14:00:17.713+07:00  INFO 17616 --- [           main] o.f.core.internal.command.DbMigrate      : Migrating schema "public" to version "2 - seed data"
2026-02-13T14:00:17.721+07:00  INFO 17616 --- [           main] o.f.core.internal.command.DbMigrate      : Successfully applied 2 migrations to schema "public", now at version v2 (execution time 00:00.021s)
2026-02-13T14:00:17.757+07:00  INFO 17616 --- [           main] o.hibernate.jpa.internal.util.LogHelper  : HHH000204: Processing PersistenceUnitInfo [name: default]
2026-02-13T14:00:17.779+07:00  INFO 17616 --- [           main] org.hibernate.Version                    : HHH000412: Hibernate ORM core version 6.6.5.Final
2026-02-13T14:00:17.792+07:00  INFO 17616 --- [           main] o.h.c.internal.RegionFactoryInitiator    : HHH000026: Second-level cache disabled
2026-02-13T14:00:17.883+07:00  INFO 17616 --- [           main] o.s.o.j.p.SpringPersistenceUnitInfo      : No LoadTimeWeaver setup: ignoring JPA class transformer
2026-02-13T14:00:17.921+07:00  INFO 17616 --- [           main] org.hibernate.orm.connections.pooling    : HHH10001005: Database info:
	Database JDBC URL [Connecting through datasource 'HikariDataSource (HikariPool-1)']
	Database driver: undefined/unknown
	Database version: 16.11
	Autocommit mode: undefined/unknown
	Isolation level: undefined/unknown
	Minimum pool size: undefined/unknown
	Maximum pool size: undefined/unknown
2026-02-13T14:00:18.313+07:00  INFO 17616 --- [           main] o.h.e.t.j.p.i.JtaPlatformInitiator       : HHH000489: No JTA platform available (set 'hibernate.transaction.jta.platform' to enable JTA platform integration)
2026-02-13T14:00:18.339+07:00  INFO 17616 --- [           main] j.LocalContainerEntityManagerFactoryBean : Initialized JPA EntityManagerFactory for persistence unit 'default'
2026-02-13T14:00:18.713+07:00  INFO 17616 --- [           main] o.s.b.w.embedded.tomcat.TomcatWebServer  : Tomcat started on port 54806 (http) with context path '/'
2026-02-13T14:00:18.717+07:00  INFO 17616 --- [           main] c.s.jms.controller.TaskControllerTest    : Started TaskControllerTest in 3.583 seconds (process running for 3.965)
2026-02-13T14:00:19.065+07:00  INFO 17616 --- [o-auto-1-exec-1] o.a.c.c.C.[Tomcat].[localhost].[/]       : Initializing Spring DispatcherServlet 'dispatcherServlet'
2026-02-13T14:00:19.065+07:00  INFO 17616 --- [o-auto-1-exec-1] o.s.web.servlet.DispatcherServlet        : Initializing Servlet 'dispatcherServlet'
2026-02-13T14:00:19.066+07:00  INFO 17616 --- [o-auto-1-exec-1] o.s.web.servlet.DispatcherServlet        : Completed initialization in 1 ms
2026-02-13T14:00:19.151+07:00  WARN 17616 --- [o-auto-1-exec-1] ration$PageModule$WarningLoggingModifier : Serializing PageImpl instances as-is is not supported, meaning that there is no guarantee about the stability of the resulting JSON structure!
	For a stable JSON structure, please use Spring Data's PagedModel (globally via @EnableSpringDataWebSupport(pageSerializationMode = VIA_DTO))
	or Spring HATEOAS and Spring Data's PagedResourcesAssembler as documented in https://docs.spring.io/spring-data/commons/reference/repositories/core-extensions.html#core.web.pageables.

]]></system-out>
    <system-err><![CDATA[Mockito is currently self-attaching to enable the inline-mock-maker. This will no longer work in future releases of the JDK. Please add Mockito as an agent to your build what is described in Mockito's documentation: https://javadoc.io/doc/org.mockito/mockito-core/latest/org/mockito/Mockito.html#0.3
WARNING: A Java agent has been loaded dynamically (/Users/duonglx/.m2/repository/net/bytebuddy/byte-buddy-agent/1.15.11/byte-buddy-agent-1.15.11.jar)
WARNING: If a serviceability tool is in use, please run with -XX:+EnableDynamicAgentLoading to hide this warning
WARNING: If a serviceability tool is not in use, please run with -Djdk.instrument.traceUsage for more information
WARNING: Dynamic loading of agents will be disallowed by default in a future release
]]></system-err>
  </testcase>
  <testcase name="testCreateTask" classname="com.shbvn.jms.controller.TaskControllerTest" time="0.045"/>
  <testcase name="testGetTaskById" classname="com.shbvn.jms.controller.TaskControllerTest" time="0.014"/>
  <testcase name="testUpdateTaskStatus" classname="com.shbvn.jms.controller.TaskControllerTest" time="0.015"/>
  <testcase name="testDeleteTask" classname="com.shbvn.jms.controller.TaskControllerTest" time="0.15"/>
</testsuite>